Library/Bee/Android/Prj/Mono2x/Gradle/unityLibrary/build/intermediates/manifest_merge_blame_file/release/manifest-merger-blame-release-report.txt
1<?xml version="1.0" encoding="utf-8"?>
2<manifest xmlns:android="http://schemas.android.com/apk/res/android"
3    package="com.unity3d.player"
4    android:installLocation="auto"
5    android:versionCode="1"
6    android:versionName="0.1" >
7
8    <uses-sdk
9        android:minSdkVersion="23"
9-->src\main\AndroidManifest.xml
10        android:targetSdkVersion="30" />
10-->src\main\AndroidManifest.xml
11
12    <uses-feature
12-->src\main\AndroidManifest.xml:27:3-111
13        android:name="android.hardware.vr.headtracking"
13-->src\main\AndroidManifest.xml:27:17-64
14        android:required="true"
14-->src\main\AndroidManifest.xml:27:85-108
15        android:version="1" />
15-->src\main\AndroidManifest.xml:27:65-84
16    <uses-feature
16-->src\main\AndroidManifest.xml:28:3-88
17        android:name="oculus.software.handtracking"
17-->src\main\AndroidManifest.xml:28:17-60
18        android:required="false" />
18-->src\main\AndroidManifest.xml:28:61-85
19
20    <uses-permission android:name="com.oculus.permission.HAND_TRACKING" />
20-->src\main\AndroidManifest.xml:29:3-73
20-->src\main\AndroidManifest.xml:29:20-70
21
22    <uses-feature android:glEsVersion="0x00030000" />
22-->src\main\AndroidManifest.xml:30:3-52
22-->src\main\AndroidManifest.xml:30:17-49
23    <uses-feature
23-->src\main\AndroidManifest.xml:31:3-91
24        android:name="android.hardware.vulkan.version"
24-->src\main\AndroidManifest.xml:31:17-63
25        android:required="false" />
25-->src\main\AndroidManifest.xml:31:64-88
26
27    <supports-gl-texture android:name="GL_KHR_texture_compression_astc_ldr" />
27-->src\main\AndroidManifest.xml:32:3-77
27-->src\main\AndroidManifest.xml:32:24-74
28
29    <uses-permission android:name="android.permission.INTERNET" />
29-->src\main\AndroidManifest.xml:33:3-65
29-->src\main\AndroidManifest.xml:33:20-62
30    <uses-permission android:name="android.permission.ACCESS_NETWORK_STATE" />
30-->src\main\AndroidManifest.xml:34:3-77
30-->src\main\AndroidManifest.xml:34:20-74
31    <uses-permission android:name="android.permission.RECORD_AUDIO" />
31-->src\main\AndroidManifest.xml:35:3-69
31-->src\main\AndroidManifest.xml:35:20-66
32    <uses-permission android:name="android.permission.MODIFY_AUDIO_SETTINGS" />
32-->src\main\AndroidManifest.xml:36:3-78
32-->src\main\AndroidManifest.xml:36:20-75
33
34    <uses-feature
34-->src\main\AndroidManifest.xml:37:3-87
35        android:name="android.hardware.microphone"
35-->src\main\AndroidManifest.xml:37:17-59
36        android:required="false" />
36-->src\main\AndroidManifest.xml:37:60-84
37    <uses-feature
37-->src\main\AndroidManifest.xml:38:3-88
38        android:name="android.hardware.touchscreen"
38-->src\main\AndroidManifest.xml:38:17-60
39        android:required="false" />
39-->src\main\AndroidManifest.xml:38:61-85
40    <uses-feature
40-->src\main\AndroidManifest.xml:39:3-99
41        android:name="android.hardware.touchscreen.multitouch"
41-->src\main\AndroidManifest.xml:39:17-71
42        android:required="false" />
42-->src\main\AndroidManifest.xml:39:72-96
43    <uses-feature
43-->src\main\AndroidManifest.xml:40:3-108
44        android:name="android.hardware.touchscreen.multitouch.distinct"
44-->src\main\AndroidManifest.xml:40:17-80
45        android:required="false" />
45-->src\main\AndroidManifest.xml:40:81-105
46    <uses-feature android:name="com.oculus.feature.RENDER_MODEL" />
46-->src\main\AndroidManifest.xml:41:3-66
46-->src\main\AndroidManifest.xml:41:17-63
47
48    <uses-permission android:name="com.oculus.permission.RENDER_MODEL" />
48-->src\main\AndroidManifest.xml:42:3-72
48-->src\main\AndroidManifest.xml:42:20-69
49
50    <application
50-->src\main\AndroidManifest.xml:3:3-26:17
51        android:allowBackup="false"
51-->src\main\AndroidManifest.xml:3:81-108
52        android:extractNativeLibs="true"
52-->src\main\AndroidManifest.xml:3:109-141
53        android:icon="@mipmap/app_icon"
53-->src\main\AndroidManifest.xml:3:49-80
54        android:label="@string/app_name"
54-->src\main\AndroidManifest.xml:3:16-48
55        android:networkSecurityConfig="@xml/network_sec_config" >
55-->src\main\AndroidManifest.xml:3:142-197
56        <activity
56-->src\main\AndroidManifest.xml:4:5-12:16
57            android:name="com.unity3d.player.UnityPlayerActivity"
57-->src\main\AndroidManifest.xml:4:80-133
58            android:configChanges="keyboard|keyboardHidden|navigation|orientation|screenLayout|screenSize|uiMode"
58-->src\main\AndroidManifest.xml:4:238-339
59            android:excludeFromRecents="true"
59-->src\main\AndroidManifest.xml:4:134-167
60            android:hardwareAccelerated="false"
60-->src\main\AndroidManifest.xml:4:375-410
61            android:launchMode="singleTask"
61-->src\main\AndroidManifest.xml:4:206-237
62            android:resizeableActivity="false"
62-->src\main\AndroidManifest.xml:4:340-374
63            android:screenOrientation="landscape"
63-->src\main\AndroidManifest.xml:4:168-205
64            android:theme="@android:style/Theme.Black.NoTitleBar.Fullscreen" >
64-->src\main\AndroidManifest.xml:4:15-79
65            <intent-filter>
65-->src\main\AndroidManifest.xml:5:7-9:23
66                <action android:name="android.intent.action.MAIN" />
66-->src\main\AndroidManifest.xml:6:9-61
66-->src\main\AndroidManifest.xml:6:17-58
67
68                <category android:name="android.intent.category.LAUNCHER" />
68-->src\main\AndroidManifest.xml:7:9-69
68-->src\main\AndroidManifest.xml:7:19-66
69                <category android:name="com.oculus.intent.category.VR" />
69-->src\main\AndroidManifest.xml:8:9-66
69-->src\main\AndroidManifest.xml:8:19-63
70            </intent-filter>
71
72            <meta-data
72-->src\main\AndroidManifest.xml:10:7-81
73                android:name="com.oculus.vr.focusaware"
73-->src\main\AndroidManifest.xml:10:18-57
74                android:value="true" />
74-->src\main\AndroidManifest.xml:10:58-78
75            <meta-data
75-->src\main\AndroidManifest.xml:11:7-78
76                android:name="android.notch_support"
76-->src\main\AndroidManifest.xml:11:18-54
77                android:value="true" />
77-->src\main\AndroidManifest.xml:11:55-75
78        </activity>
79
80        <meta-data
80-->src\main\AndroidManifest.xml:13:5-89
81            android:name="unityplayer.SkipPermissionsDialog"
81-->src\main\AndroidManifest.xml:13:16-64
82            android:value="false" />
82-->src\main\AndroidManifest.xml:13:65-86
83        <meta-data
83-->src\main\AndroidManifest.xml:14:5-97
84            android:name="com.samsung.android.vr.application.mode"
84-->src\main\AndroidManifest.xml:14:16-70
85            android:value="vr_only" />
85-->src\main\AndroidManifest.xml:14:71-94
86        <meta-data
86-->src\main\AndroidManifest.xml:15:5-88
87            android:name="com.oculus.handtracking.frequency"
87-->src\main\AndroidManifest.xml:15:16-64
88            android:value="HIGH" />
88-->src\main\AndroidManifest.xml:15:65-85
89        <meta-data
89-->src\main\AndroidManifest.xml:16:5-86
90            android:name="com.oculus.handtracking.version"
90-->src\main\AndroidManifest.xml:16:16-62
91            android:value="V2.0" />
91-->src\main\AndroidManifest.xml:16:63-83
92        <meta-data
92-->src\main\AndroidManifest.xml:17:5-90
93            android:name="com.oculus.supportedDevices"
93-->src\main\AndroidManifest.xml:17:16-58
94            android:value="quest|quest2" />
94-->src\main\AndroidManifest.xml:17:59-87
95        <meta-data
95-->src\main\AndroidManifest.xml:18:5-69
96            android:name="unity.splash-mode"
96-->src\main\AndroidManifest.xml:18:16-48
97            android:value="0" />
97-->src\main\AndroidManifest.xml:18:49-66
98        <meta-data
98-->src\main\AndroidManifest.xml:19:5-74
99            android:name="unity.splash-enable"
99-->src\main\AndroidManifest.xml:19:16-50
100            android:value="True" />
100-->src\main\AndroidManifest.xml:19:51-71
101        <meta-data
101-->src\main\AndroidManifest.xml:20:5-78
102            android:name="unity.launch-fullscreen"
102-->src\main\AndroidManifest.xml:20:16-54
103            android:value="True" />
103-->src\main\AndroidManifest.xml:20:55-75
104        <meta-data
104-->src\main\AndroidManifest.xml:21:5-84
105            android:name="unity.allow-resizable-window"
105-->src\main\AndroidManifest.xml:21:16-59
106            android:value="False" />
106-->src\main\AndroidManifest.xml:21:60-81
107        <meta-data
107-->src\main\AndroidManifest.xml:22:5-81
108            android:name="notch.config"
108-->src\main\AndroidManifest.xml:22:16-43
109            android:value="portrait|landscape" />
109-->src\main\AndroidManifest.xml:22:44-78
110        <meta-data
110-->src\main\AndroidManifest.xml:23:5-91
111            android:name="com.unity.xr.oculus.LowOverheadMode"
111-->src\main\AndroidManifest.xml:23:16-66
112            android:value="false" />
112-->src\main\AndroidManifest.xml:23:67-88
113        <meta-data
113-->src\main\AndroidManifest.xml:24:5-88
114            android:name="com.unity.xr.oculus.LateLatching"
114-->src\main\AndroidManifest.xml:24:16-63
115            android:value="false" />
115-->src\main\AndroidManifest.xml:24:64-85
116        <meta-data
116-->src\main\AndroidManifest.xml:25:5-93
117            android:name="com.unity.xr.oculus.LateLatchingDebug"
117-->src\main\AndroidManifest.xml:25:16-68
118            android:value="false" />
118-->src\main\AndroidManifest.xml:25:69-90
119    </application>
120
121</manifest>